<?xml version="1.0" encoding="UTF-8"?>
<testsuite xmlns:xsi="http://www.w3.org/2001/XMLSchema-instance" xsi:noNamespaceSchemaLocation="https://maven.apache.org/surefire/maven-surefire-plugin/xsd/surefire-test-report.xsd" name="com.example.dummyjson.controller.ProductControllerTest" time="0.074" tests="2" errors="0" skipped="0" failures="0">
  <properties>
[...]
</properties>
  <testcase name="testGetProductById" classname="com.example.dummyjson.controller.ProductControllerTest" time="0.071"/>
  <testcase name="testGetAllProducts" classname="com.example.dummyjson.controller.ProductControllerTest" time="0.001"/>
</testsuite>